[ 2023-04-24 00:16:18,932 ] 26 root - INFO - Initialisation of data ingestion started
[ 2023-04-24 00:16:18,932 ] 29 root - INFO - Reading the dataset as DataFrame
[ 2023-04-24 00:16:18,956 ] 33 root - INFO - Reading the dataset completed
[ 2023-04-24 00:16:19,035 ] 39 root - INFO - Created 'artifacts' folder and saved the raw data as 'data.csv'
[ 2023-04-24 00:16:19,035 ] 43 root - INFO - Train-Test-Split initiated
[ 2023-04-24 00:16:19,100 ] 49 root - INFO - Train dataset created and saved as 'train.csv' in the 'artifacts' folder
[ 2023-04-24 00:16:19,117 ] 55 root - INFO - Test dataset created and saved as 'test.csv' in the 'artifacts' folder
[ 2023-04-24 00:16:19,117 ] 59 root - INFO - Data Ingestion is Completed
[ 2023-04-24 00:16:19,118 ] 105 root - INFO - Starting data transformation
[ 2023-04-24 00:16:19,149 ] 109 root - INFO - Read in train and test data
[ 2023-04-24 00:16:19,149 ] 111 root - INFO - Obtaining preprocessing object
[ 2023-04-24 00:16:19,149 ] 28 root - INFO - Creating data transformation object
[ 2023-04-24 00:16:19,149 ] 69 root - INFO - Initialised numerical pipeline with 'Simpleimputer' and 'Standardscaler'
[ 2023-04-24 00:16:19,149 ] 80 root - INFO - Initialised categorial pipeline with 'Simpleimputer', 'OneHotEncoder' and 'Standardscaler'
[ 2023-04-24 00:16:19,149 ] 84 root - INFO - Categorical columns: ['EventName', 'Team', 'Compound', 'Driver', 'bestLapTimeIsFrom']
[ 2023-04-24 00:16:19,149 ] 85 root - INFO - Numerical columns: ['RoundNumber', 'eventYear', 'Stint', 'bestPreRaceTime', 'meanAirTemp', 'meanTrackTemp', 'meanHumid', 'Rainfall', 'GridPosition', 'Position', 'raceStintsNums', 'TyreAge', 'lapNumberAtBeginingOfStint', 'StintLen', 'CircuitLength', 'designedLaps', 'fuel_slope', 'fuel_bias', 'deg_slope', 'deg_bias', 'lag_slope_mean', 'lag_bias_mean']
[ 2023-04-24 00:16:19,150 ] 94 root - INFO - Initialised ColumnTransformer with 'numerical pipeline' and 'categorial pipeline'
[ 2023-04-24 00:16:19,150 ] 97 root - INFO - Preprocessor object is created!
[ 2023-04-24 00:16:19,198 ] 131 root - INFO - Applying preprocessing object on training dataframe and testing dataframe.
[ 2023-04-24 00:18:06,851 ] 26 root - INFO - Initialisation of data ingestion started
[ 2023-04-24 00:18:06,851 ] 29 root - INFO - Reading the dataset as DataFrame
[ 2023-04-24 00:18:06,867 ] 33 root - INFO - Reading the dataset completed
[ 2023-04-24 00:18:06,952 ] 39 root - INFO - Created 'artifacts' folder and saved the raw data as 'data.csv'
[ 2023-04-24 00:18:06,952 ] 43 root - INFO - Train-Test-Split initiated
[ 2023-04-24 00:18:07,012 ] 49 root - INFO - Train dataset created and saved as 'train.csv' in the 'artifacts' folder
[ 2023-04-24 00:18:07,028 ] 55 root - INFO - Test dataset created and saved as 'test.csv' in the 'artifacts' folder
[ 2023-04-24 00:18:07,028 ] 59 root - INFO - Data Ingestion is Completed
[ 2023-04-24 00:18:07,028 ] 105 root - INFO - Starting data transformation
[ 2023-04-24 00:18:07,050 ] 109 root - INFO - Read in train and test data
[ 2023-04-24 00:18:07,050 ] 111 root - INFO - Obtaining preprocessing object
[ 2023-04-24 00:18:07,050 ] 28 root - INFO - Creating data transformation object
[ 2023-04-24 00:18:07,050 ] 69 root - INFO - Initialised numerical pipeline with 'Simpleimputer' and 'Standardscaler'
[ 2023-04-24 00:18:07,050 ] 80 root - INFO - Initialised categorial pipeline with 'Simpleimputer', 'OneHotEncoder' and 'Standardscaler'
[ 2023-04-24 00:18:07,050 ] 84 root - INFO - Categorical columns: ['EventName', 'Team', 'Compound', 'Driver', 'bestLapTimeIsFrom']
[ 2023-04-24 00:18:07,050 ] 85 root - INFO - Numerical columns: ['RoundNumber', 'eventYear', 'Stint', 'bestPreRaceTime', 'meanAirTemp', 'meanTrackTemp', 'meanHumid', 'Rainfall', 'GridPosition', 'Position', 'raceStintsNums', 'TyreAge', 'lapNumberAtBeginingOfStint', 'StintLen', 'CircuitLength', 'designedLaps', 'fuel_slope', 'fuel_bias', 'deg_slope', 'deg_bias', 'lag_slope_mean', 'lag_bias_mean']
[ 2023-04-24 00:18:07,050 ] 94 root - INFO - Initialised ColumnTransformer with 'numerical pipeline' and 'categorial pipeline'
[ 2023-04-24 00:18:07,050 ] 97 root - INFO - Preprocessor object is created!
[ 2023-04-24 00:18:07,050 ] 128 root - INFO - Applying preprocessing object on training dataframe and testing dataframe.
[ 2023-04-24 12:15:18,304 ] 26 root - INFO - Initialisation of data ingestion started
[ 2023-04-24 12:15:18,305 ] 29 root - INFO - Reading the dataset as DataFrame
[ 2023-04-24 12:15:18,329 ] 33 root - INFO - Reading the dataset completed
[ 2023-04-24 12:15:18,392 ] 39 root - INFO - Created 'artifacts' folder and saved the raw data as 'data.csv'
[ 2023-04-24 12:15:18,392 ] 43 root - INFO - Train-Test-Split initiated
[ 2023-04-24 12:15:18,454 ] 49 root - INFO - Train dataset created and saved as 'train.csv' in the 'artifacts' folder
[ 2023-04-24 12:15:18,470 ] 55 root - INFO - Test dataset created and saved as 'test.csv' in the 'artifacts' folder
[ 2023-04-24 12:15:18,470 ] 59 root - INFO - Data Ingestion is Completed
[ 2023-04-24 12:15:18,470 ] 105 root - INFO - Starting data transformation
[ 2023-04-24 12:15:18,485 ] 109 root - INFO - Read in train and test data
[ 2023-04-24 12:15:18,485 ] 111 root - INFO - Obtaining preprocessing object
[ 2023-04-24 12:15:18,485 ] 28 root - INFO - Creating data transformation object
[ 2023-04-24 12:15:18,485 ] 69 root - INFO - Initialised numerical pipeline with 'Simpleimputer' and 'Standardscaler'
[ 2023-04-24 12:15:18,485 ] 80 root - INFO - Initialised categorial pipeline with 'Simpleimputer', 'OneHotEncoder' and 'Standardscaler'
[ 2023-04-24 12:15:18,485 ] 84 root - INFO - Categorical columns: ['EventName', 'Team', 'Compound', 'Driver', 'bestLapTimeIsFrom']
[ 2023-04-24 12:15:18,485 ] 85 root - INFO - Numerical columns: ['RoundNumber', 'eventYear', 'Stint', 'bestPreRaceTime', 'meanAirTemp', 'meanTrackTemp', 'meanHumid', 'Rainfall', 'GridPosition', 'Position', 'raceStintsNums', 'TyreAge', 'lapNumberAtBeginingOfStint', 'StintLen', 'CircuitLength', 'designedLaps', 'fuel_slope', 'fuel_bias', 'deg_slope', 'deg_bias', 'lag_slope_mean', 'lag_bias_mean']
[ 2023-04-24 12:15:18,485 ] 94 root - INFO - Initialised ColumnTransformer with 'numerical pipeline' and 'categorial pipeline'
[ 2023-04-24 12:15:18,485 ] 97 root - INFO - Preprocessor object is created!
[ 2023-04-24 12:15:18,501 ] 128 root - INFO - Applying preprocessing object on training dataframe and testing dataframe.
[ 2023-04-24 12:53:58,960 ] 26 root - INFO - Initialisation of data ingestion started
[ 2023-04-24 12:53:58,960 ] 29 root - INFO - Reading the dataset as DataFrame
[ 2023-04-24 12:53:58,972 ] 33 root - INFO - Reading the dataset completed
[ 2023-04-24 12:53:59,066 ] 39 root - INFO - Created 'artifacts' folder and saved the raw data as 'data.csv'
[ 2023-04-24 12:53:59,066 ] 43 root - INFO - Train-Test-Split initiated
[ 2023-04-24 12:53:59,126 ] 49 root - INFO - Train dataset created and saved as 'train.csv' in the 'artifacts' folder
[ 2023-04-24 12:53:59,142 ] 55 root - INFO - Test dataset created and saved as 'test.csv' in the 'artifacts' folder
[ 2023-04-24 12:53:59,142 ] 59 root - INFO - Data Ingestion is Completed
[ 2023-04-24 12:53:59,142 ] 104 root - INFO - Starting data transformation
[ 2023-04-24 12:53:59,172 ] 108 root - INFO - Read in train and test data
[ 2023-04-24 12:53:59,172 ] 110 root - INFO - Obtaining preprocessing object
[ 2023-04-24 12:53:59,172 ] 28 root - INFO - Creating data transformation object
[ 2023-04-24 12:53:59,172 ] 68 root - INFO - Initialised numerical pipeline with 'Simpleimputer' and 'Standardscaler'
[ 2023-04-24 12:53:59,172 ] 79 root - INFO - Initialised categorial pipeline with 'Simpleimputer', 'OneHotEncoder' and 'Standardscaler'
[ 2023-04-24 12:53:59,172 ] 83 root - INFO - Categorical columns: ['EventName', 'Team', 'Compound', 'Driver', 'bestLapTimeIsFrom']
[ 2023-04-24 12:53:59,172 ] 84 root - INFO - Numerical columns: ['RoundNumber', 'eventYear', 'Stint', 'bestPreRaceTime', 'meanAirTemp', 'meanTrackTemp', 'meanHumid', 'Rainfall', 'GridPosition', 'Position', 'raceStintsNums', 'TyreAge', 'StintLen', 'CircuitLength', 'designedLaps', 'fuel_slope', 'fuel_bias', 'deg_slope', 'deg_bias', 'lag_slope_mean', 'lag_bias_mean']
[ 2023-04-24 12:53:59,172 ] 93 root - INFO - Initialised ColumnTransformer with 'numerical pipeline' and 'categorial pipeline'
[ 2023-04-24 12:53:59,172 ] 96 root - INFO - Preprocessor object is created!
[ 2023-04-24 12:53:59,172 ] 127 root - INFO - Applying preprocessing object on training dataframe and testing dataframe.
[ 2023-04-24 12:56:39,698 ] 26 root - INFO - Initialisation of data ingestion started
[ 2023-04-24 12:56:39,698 ] 29 root - INFO - Reading the dataset as DataFrame
[ 2023-04-24 12:56:39,721 ] 33 root - INFO - Reading the dataset completed
[ 2023-04-24 12:56:39,801 ] 39 root - INFO - Created 'artifacts' folder and saved the raw data as 'data.csv'
[ 2023-04-24 12:56:39,801 ] 43 root - INFO - Train-Test-Split initiated
[ 2023-04-24 12:56:39,865 ] 49 root - INFO - Train dataset created and saved as 'train.csv' in the 'artifacts' folder
[ 2023-04-24 12:56:39,881 ] 55 root - INFO - Test dataset created and saved as 'test.csv' in the 'artifacts' folder
[ 2023-04-24 12:56:39,881 ] 59 root - INFO - Data Ingestion is Completed
[ 2023-04-24 12:56:39,882 ] 104 root - INFO - Starting data transformation
[ 2023-04-24 12:56:39,902 ] 108 root - INFO - Read in train and test data
[ 2023-04-24 12:56:39,902 ] 110 root - INFO - Obtaining preprocessing object
[ 2023-04-24 12:56:39,902 ] 28 root - INFO - Creating data transformation object
[ 2023-04-24 12:56:39,902 ] 68 root - INFO - Initialised numerical pipeline with 'Simpleimputer' and 'Standardscaler'
[ 2023-04-24 12:56:39,902 ] 79 root - INFO - Initialised categorial pipeline with 'Simpleimputer', 'OneHotEncoder' and 'Standardscaler'
[ 2023-04-24 12:56:39,902 ] 83 root - INFO - Categorical columns: ['EventName', 'Team', 'Compound', 'Driver', 'bestLapTimeIsFrom']
[ 2023-04-24 12:56:39,902 ] 84 root - INFO - Numerical columns: ['RoundNumber', 'eventYear', 'Stint', 'bestPreRaceTime', 'meanAirTemp', 'meanTrackTemp', 'meanHumid', 'Rainfall', 'GridPosition', 'Position', 'raceStintsNums', 'TyreAge', 'StintLen', 'CircuitLength', 'designedLaps', 'fuel_slope', 'fuel_bias', 'deg_slope', 'deg_bias', 'lag_slope_mean', 'lag_bias_mean']
[ 2023-04-24 12:56:39,902 ] 93 root - INFO - Initialised ColumnTransformer with 'numerical pipeline' and 'categorial pipeline'
[ 2023-04-24 12:56:39,902 ] 96 root - INFO - Preprocessor object is created!
[ 2023-04-24 12:56:39,910 ] 127 root - INFO - Applying preprocessing object on training dataframe and testing dataframe.
[ 2023-04-24 13:02:56,891 ] 26 root - INFO - Initialisation of data ingestion started
[ 2023-04-24 13:02:56,891 ] 29 root - INFO - Reading the dataset as DataFrame
[ 2023-04-24 13:02:56,906 ] 33 root - INFO - Reading the dataset completed
[ 2023-04-24 13:02:56,991 ] 39 root - INFO - Created 'artifacts' folder and saved the raw data as 'data.csv'
[ 2023-04-24 13:02:56,991 ] 43 root - INFO - Train-Test-Split initiated
[ 2023-04-24 13:02:57,041 ] 49 root - INFO - Train dataset created and saved as 'train.csv' in the 'artifacts' folder
[ 2023-04-24 13:02:57,060 ] 55 root - INFO - Test dataset created and saved as 'test.csv' in the 'artifacts' folder
[ 2023-04-24 13:02:57,060 ] 59 root - INFO - Data Ingestion is Completed
[ 2023-04-24 13:02:57,060 ] 104 root - INFO - Starting data transformation
[ 2023-04-24 13:02:57,091 ] 108 root - INFO - Read in train and test data
[ 2023-04-24 13:02:57,091 ] 110 root - INFO - Obtaining preprocessing object
[ 2023-04-24 13:02:57,091 ] 28 root - INFO - Creating data transformation object
[ 2023-04-24 13:02:57,091 ] 68 root - INFO - Initialised numerical pipeline with 'Simpleimputer' and 'Standardscaler'
[ 2023-04-24 13:02:57,091 ] 79 root - INFO - Initialised categorial pipeline with 'Simpleimputer', 'OneHotEncoder' and 'Standardscaler'
[ 2023-04-24 13:02:57,091 ] 83 root - INFO - Categorical columns: ['EventName', 'Team', 'Compound', 'Driver', 'bestLapTimeIsFrom']
[ 2023-04-24 13:02:57,091 ] 84 root - INFO - Numerical columns: ['RoundNumber', 'eventYear', 'Stint', 'bestPreRaceTime', 'meanAirTemp', 'meanTrackTemp', 'meanHumid', 'Rainfall', 'GridPosition', 'Position', 'raceStintsNums', 'TyreAge', 'StintLen', 'CircuitLength', 'designedLaps', 'fuel_slope', 'fuel_bias', 'deg_slope', 'deg_bias', 'lag_slope_mean', 'lag_bias_mean']
[ 2023-04-24 13:02:57,091 ] 93 root - INFO - Initialised ColumnTransformer with 'numerical pipeline' and 'categorial pipeline'
[ 2023-04-24 13:02:57,091 ] 96 root - INFO - Preprocessor object is created!
[ 2023-04-24 13:02:57,108 ] 127 root - INFO - Applying preprocessing object on training dataframe and testing dataframe.
[ 2023-04-24 13:03:38,765 ] 26 root - INFO - Initialisation of data ingestion started
[ 2023-04-24 13:03:38,765 ] 29 root - INFO - Reading the dataset as DataFrame
[ 2023-04-24 13:03:38,781 ] 33 root - INFO - Reading the dataset completed
[ 2023-04-24 13:03:38,869 ] 39 root - INFO - Created 'artifacts' folder and saved the raw data as 'data.csv'
[ 2023-04-24 13:03:38,869 ] 43 root - INFO - Train-Test-Split initiated
[ 2023-04-24 13:03:38,921 ] 49 root - INFO - Train dataset created and saved as 'train.csv' in the 'artifacts' folder
[ 2023-04-24 13:03:38,937 ] 55 root - INFO - Test dataset created and saved as 'test.csv' in the 'artifacts' folder
[ 2023-04-24 13:03:38,937 ] 59 root - INFO - Data Ingestion is Completed
[ 2023-04-24 13:03:38,937 ] 104 root - INFO - Starting data transformation
[ 2023-04-24 13:03:38,968 ] 108 root - INFO - Read in train and test data
[ 2023-04-24 13:03:38,968 ] 110 root - INFO - Obtaining preprocessing object
[ 2023-04-24 13:03:38,968 ] 28 root - INFO - Creating data transformation object
[ 2023-04-24 13:03:38,968 ] 68 root - INFO - Initialised numerical pipeline with 'Simpleimputer' and 'Standardscaler'
[ 2023-04-24 13:03:38,968 ] 79 root - INFO - Initialised categorial pipeline with 'Simpleimputer', 'OneHotEncoder' and 'Standardscaler'
[ 2023-04-24 13:03:38,968 ] 83 root - INFO - Categorical columns: ['EventName', 'Team', 'Compound', 'Driver', 'bestLapTimeIsFrom']
[ 2023-04-24 13:03:38,968 ] 84 root - INFO - Numerical columns: ['RoundNumber', 'eventYear', 'Stint', 'bestPreRaceTime', 'meanAirTemp', 'meanTrackTemp', 'meanHumid', 'Rainfall', 'GridPosition', 'Position', 'raceStintsNums', 'TyreAge', 'StintLen', 'CircuitLength', 'designedLaps', 'fuel_slope', 'fuel_bias', 'deg_slope', 'deg_bias', 'lag_slope_mean', 'lag_bias_mean']
[ 2023-04-24 13:03:38,968 ] 93 root - INFO - Initialised ColumnTransformer with 'numerical pipeline' and 'categorial pipeline'
[ 2023-04-24 13:03:38,968 ] 96 root - INFO - Preprocessor object is created!
[ 2023-04-24 13:03:38,968 ] 127 root - INFO - Applying preprocessing object on training dataframe and testing dataframe.
[ 2023-04-24 13:04:04,394 ] 26 root - INFO - Initialisation of data ingestion started
[ 2023-04-24 13:04:04,394 ] 29 root - INFO - Reading the dataset as DataFrame
[ 2023-04-24 13:04:04,416 ] 33 root - INFO - Reading the dataset completed
[ 2023-04-24 13:04:04,497 ] 39 root - INFO - Created 'artifacts' folder and saved the raw data as 'data.csv'
[ 2023-04-24 13:04:04,497 ] 43 root - INFO - Train-Test-Split initiated
[ 2023-04-24 13:04:04,546 ] 49 root - INFO - Train dataset created and saved as 'train.csv' in the 'artifacts' folder
[ 2023-04-24 13:04:04,562 ] 55 root - INFO - Test dataset created and saved as 'test.csv' in the 'artifacts' folder
[ 2023-04-24 13:04:04,562 ] 59 root - INFO - Data Ingestion is Completed
[ 2023-04-24 13:04:04,562 ] 104 root - INFO - Starting data transformation
[ 2023-04-24 13:04:04,593 ] 108 root - INFO - Read in train and test data
[ 2023-04-24 13:04:04,593 ] 110 root - INFO - Obtaining preprocessing object
[ 2023-04-24 13:04:04,593 ] 28 root - INFO - Creating data transformation object
[ 2023-04-24 13:04:04,593 ] 68 root - INFO - Initialised numerical pipeline with 'Simpleimputer' and 'Standardscaler'
[ 2023-04-24 13:04:04,593 ] 79 root - INFO - Initialised categorial pipeline with 'Simpleimputer', 'OneHotEncoder' and 'Standardscaler'
[ 2023-04-24 13:04:04,593 ] 83 root - INFO - Categorical columns: ['EventName', 'Team', 'Compound', 'Driver', 'bestLapTimeIsFrom']
[ 2023-04-24 13:04:04,593 ] 84 root - INFO - Numerical columns: ['RoundNumber', 'eventYear', 'Stint', 'bestPreRaceTime', 'meanAirTemp', 'meanTrackTemp', 'meanHumid', 'Rainfall', 'GridPosition', 'Position', 'raceStintsNums', 'TyreAge', 'StintLen', 'CircuitLength', 'designedLaps', 'fuel_slope', 'fuel_bias', 'deg_slope', 'deg_bias', 'lag_slope_mean', 'lag_bias_mean']
[ 2023-04-24 13:04:04,593 ] 93 root - INFO - Initialised ColumnTransformer with 'numerical pipeline' and 'categorial pipeline'
[ 2023-04-24 13:04:04,593 ] 96 root - INFO - Preprocessor object is created!
[ 2023-04-24 13:04:04,593 ] 127 root - INFO - Applying preprocessing object on training dataframe and testing dataframe.
[ 2023-04-24 13:05:48,813 ] 26 root - INFO - Initialisation of data ingestion started
[ 2023-04-24 13:05:48,813 ] 29 root - INFO - Reading the dataset as DataFrame
[ 2023-04-24 13:05:48,833 ] 33 root - INFO - Reading the dataset completed
[ 2023-04-24 13:05:48,914 ] 39 root - INFO - Created 'artifacts' folder and saved the raw data as 'data.csv'
[ 2023-04-24 13:05:48,914 ] 43 root - INFO - Train-Test-Split initiated
[ 2023-04-24 13:05:48,982 ] 49 root - INFO - Train dataset created and saved as 'train.csv' in the 'artifacts' folder
[ 2023-04-24 13:05:48,994 ] 55 root - INFO - Test dataset created and saved as 'test.csv' in the 'artifacts' folder
[ 2023-04-24 13:05:48,994 ] 59 root - INFO - Data Ingestion is Completed
[ 2023-04-24 13:05:48,994 ] 104 root - INFO - Starting data transformation
[ 2023-04-24 13:05:49,029 ] 108 root - INFO - Read in train and test data
[ 2023-04-24 13:05:49,029 ] 110 root - INFO - Obtaining preprocessing object
[ 2023-04-24 13:05:49,029 ] 28 root - INFO - Creating data transformation object
[ 2023-04-24 13:05:49,029 ] 68 root - INFO - Initialised numerical pipeline with 'Simpleimputer' and 'Standardscaler'
[ 2023-04-24 13:05:49,029 ] 79 root - INFO - Initialised categorial pipeline with 'Simpleimputer', 'OneHotEncoder' and 'Standardscaler'
[ 2023-04-24 13:05:49,029 ] 83 root - INFO - Categorical columns: ['EventName', 'Team', 'Compound', 'Driver', 'bestLapTimeIsFrom']
[ 2023-04-24 13:05:49,029 ] 84 root - INFO - Numerical columns: ['RoundNumber', 'eventYear', 'Stint', 'bestPreRaceTime', 'meanAirTemp', 'meanTrackTemp', 'meanHumid', 'Rainfall', 'GridPosition', 'Position', 'raceStintsNums', 'TyreAge', 'StintLen', 'CircuitLength', 'designedLaps', 'fuel_slope', 'fuel_bias', 'deg_slope', 'deg_bias', 'lag_slope_mean', 'lag_bias_mean']
[ 2023-04-24 13:05:49,029 ] 93 root - INFO - Initialised ColumnTransformer with 'numerical pipeline' and 'categorial pipeline'
[ 2023-04-24 13:05:49,029 ] 96 root - INFO - Preprocessor object is created!
[ 2023-04-24 13:05:49,031 ] 127 root - INFO - Applying preprocessing object on training dataframe and testing dataframe.
[ 2023-04-24 13:08:00,494 ] 26 root - INFO - Initialisation of data ingestion started
[ 2023-04-24 13:08:00,494 ] 29 root - INFO - Reading the dataset as DataFrame
[ 2023-04-24 13:08:00,509 ] 33 root - INFO - Reading the dataset completed
[ 2023-04-24 13:08:00,605 ] 39 root - INFO - Created 'artifacts' folder and saved the raw data as 'data.csv'
[ 2023-04-24 13:08:00,606 ] 43 root - INFO - Train-Test-Split initiated
[ 2023-04-24 13:08:00,723 ] 49 root - INFO - Train dataset created and saved as 'train.csv' in the 'artifacts' folder
[ 2023-04-24 13:08:00,744 ] 55 root - INFO - Test dataset created and saved as 'test.csv' in the 'artifacts' folder
[ 2023-04-24 13:08:00,744 ] 59 root - INFO - Data Ingestion is Completed
[ 2023-04-24 13:08:00,745 ] 104 root - INFO - Starting data transformation
[ 2023-04-24 13:08:00,819 ] 108 root - INFO - Read in train and test data
[ 2023-04-24 13:08:00,819 ] 110 root - INFO - Obtaining preprocessing object
[ 2023-04-24 13:08:00,820 ] 28 root - INFO - Creating data transformation object
[ 2023-04-24 13:08:00,820 ] 68 root - INFO - Initialised numerical pipeline with 'Simpleimputer' and 'Standardscaler'
[ 2023-04-24 13:08:00,820 ] 79 root - INFO - Initialised categorial pipeline with 'Simpleimputer', 'OneHotEncoder' and 'Standardscaler'
[ 2023-04-24 13:08:00,820 ] 83 root - INFO - Categorical columns: ['EventName', 'Team', 'Compound', 'Driver', 'bestLapTimeIsFrom']
[ 2023-04-24 13:08:00,820 ] 84 root - INFO - Numerical columns: ['RoundNumber', 'eventYear', 'Stint', 'bestPreRaceTime', 'meanAirTemp', 'meanTrackTemp', 'meanHumid', 'Rainfall', 'GridPosition', 'Position', 'raceStintsNums', 'TyreAge', 'StintLen', 'CircuitLength', 'designedLaps', 'fuel_slope', 'fuel_bias', 'deg_slope', 'deg_bias', 'lag_slope_mean', 'lag_bias_mean']
[ 2023-04-24 13:08:00,820 ] 93 root - INFO - Initialised ColumnTransformer with 'numerical pipeline' and 'categorial pipeline'
[ 2023-04-24 13:08:00,820 ] 96 root - INFO - Preprocessor object is created!
[ 2023-04-24 13:08:00,823 ] 127 root - INFO - Applying preprocessing object on training dataframe and testing dataframe.
[ 2023-04-24 13:08:30,647 ] 26 root - INFO - Initialisation of data ingestion started
[ 2023-04-24 13:08:30,647 ] 29 root - INFO - Reading the dataset as DataFrame
[ 2023-04-24 13:08:30,674 ] 33 root - INFO - Reading the dataset completed
[ 2023-04-24 13:08:30,756 ] 39 root - INFO - Created 'artifacts' folder and saved the raw data as 'data.csv'
[ 2023-04-24 13:08:30,757 ] 43 root - INFO - Train-Test-Split initiated
[ 2023-04-24 13:08:30,823 ] 49 root - INFO - Train dataset created and saved as 'train.csv' in the 'artifacts' folder
[ 2023-04-24 13:08:30,839 ] 55 root - INFO - Test dataset created and saved as 'test.csv' in the 'artifacts' folder
[ 2023-04-24 13:08:30,839 ] 59 root - INFO - Data Ingestion is Completed
[ 2023-04-24 13:08:30,840 ] 104 root - INFO - Starting data transformation
[ 2023-04-24 13:08:30,869 ] 108 root - INFO - Read in train and test data
[ 2023-04-24 13:08:30,869 ] 110 root - INFO - Obtaining preprocessing object
[ 2023-04-24 13:08:30,869 ] 28 root - INFO - Creating data transformation object
[ 2023-04-24 13:08:30,869 ] 68 root - INFO - Initialised numerical pipeline with 'Simpleimputer' and 'Standardscaler'
[ 2023-04-24 13:08:30,869 ] 79 root - INFO - Initialised categorial pipeline with 'Simpleimputer', 'OneHotEncoder' and 'Standardscaler'
[ 2023-04-24 13:08:30,869 ] 83 root - INFO - Categorical columns: ['EventName', 'Team', 'Compound', 'Driver', 'bestLapTimeIsFrom']
[ 2023-04-24 13:08:30,869 ] 84 root - INFO - Numerical columns: ['RoundNumber', 'eventYear', 'Stint', 'bestPreRaceTime', 'meanAirTemp', 'meanTrackTemp', 'meanHumid', 'Rainfall', 'GridPosition', 'Position', 'raceStintsNums', 'TyreAge', 'StintLen', 'CircuitLength', 'designedLaps', 'fuel_slope', 'fuel_bias', 'deg_slope', 'deg_bias', 'lag_slope_mean', 'lag_bias_mean']
[ 2023-04-24 13:08:30,869 ] 93 root - INFO - Initialised ColumnTransformer with 'numerical pipeline' and 'categorial pipeline'
[ 2023-04-24 13:08:30,870 ] 96 root - INFO - Preprocessor object is created!
[ 2023-04-24 13:08:30,871 ] 127 root - INFO - Applying preprocessing object on training dataframe and testing dataframe.
[ 2023-04-24 13:13:19,924 ] 26 root - INFO - Initialisation of data ingestion started
[ 2023-04-24 13:13:19,924 ] 29 root - INFO - Reading the dataset as DataFrame
[ 2023-04-24 13:13:19,955 ] 33 root - INFO - Reading the dataset completed
[ 2023-04-24 13:13:20,024 ] 39 root - INFO - Created 'artifacts' folder and saved the raw data as 'data.csv'
[ 2023-04-24 13:13:20,024 ] 43 root - INFO - Train-Test-Split initiated
[ 2023-04-24 13:13:20,086 ] 49 root - INFO - Train dataset created and saved as 'train.csv' in the 'artifacts' folder
[ 2023-04-24 13:13:20,102 ] 55 root - INFO - Test dataset created and saved as 'test.csv' in the 'artifacts' folder
[ 2023-04-24 13:13:20,102 ] 59 root - INFO - Data Ingestion is Completed
[ 2023-04-24 13:13:20,118 ] 105 root - INFO - Starting data transformation
[ 2023-04-24 13:13:20,140 ] 109 root - INFO - Read in train and test data
[ 2023-04-24 13:13:20,140 ] 111 root - INFO - Obtaining preprocessing object
[ 2023-04-24 13:13:20,140 ] 28 root - INFO - Creating data transformation object
[ 2023-04-24 13:13:20,140 ] 69 root - INFO - Initialised numerical pipeline with 'Simpleimputer' and 'Standardscaler'
[ 2023-04-24 13:13:20,140 ] 80 root - INFO - Initialised categorial pipeline with 'Simpleimputer', 'OneHotEncoder' and 'Standardscaler'
[ 2023-04-24 13:13:20,140 ] 84 root - INFO - Categorical columns: ['EventName', 'Team', 'Compound', 'Driver', 'bestLapTimeIsFrom']
[ 2023-04-24 13:13:20,140 ] 85 root - INFO - Numerical columns: ['RoundNumber', 'eventYear', 'Stint', 'bestPreRaceTime', 'meanAirTemp', 'meanTrackTemp', 'meanHumid', 'Rainfall', 'GridPosition', 'Position', 'raceStintsNums', 'TyreAge', 'lapNumberAtBeginingOfStint', 'StintLen', 'CircuitLength', 'designedLaps', 'fuel_slope', 'fuel_bias', 'deg_slope', 'deg_bias', 'lag_slope_mean', 'lag_bias_mean']
[ 2023-04-24 13:13:20,140 ] 94 root - INFO - Initialised ColumnTransformer with 'numerical pipeline' and 'categorial pipeline'
[ 2023-04-24 13:13:20,140 ] 97 root - INFO - Preprocessor object is created!
[ 2023-04-24 13:13:20,140 ] 128 root - INFO - Applying preprocessing object on training dataframe and testing dataframe.
[ 2023-04-24 13:14:08,851 ] 26 root - INFO - Initialisation of data ingestion started
[ 2023-04-24 13:14:08,851 ] 29 root - INFO - Reading the dataset as DataFrame
[ 2023-04-24 13:14:08,876 ] 33 root - INFO - Reading the dataset completed
[ 2023-04-24 13:14:08,959 ] 39 root - INFO - Created 'artifacts' folder and saved the raw data as 'data.csv'
[ 2023-04-24 13:14:08,959 ] 43 root - INFO - Train-Test-Split initiated
[ 2023-04-24 13:14:09,020 ] 49 root - INFO - Train dataset created and saved as 'train.csv' in the 'artifacts' folder
[ 2023-04-24 13:14:09,041 ] 55 root - INFO - Test dataset created and saved as 'test.csv' in the 'artifacts' folder
[ 2023-04-24 13:14:09,041 ] 59 root - INFO - Data Ingestion is Completed
[ 2023-04-24 13:14:09,041 ] 104 root - INFO - Starting data transformation
[ 2023-04-24 13:14:09,068 ] 108 root - INFO - Read in train and test data
[ 2023-04-24 13:14:09,068 ] 110 root - INFO - Obtaining preprocessing object
[ 2023-04-24 13:14:09,069 ] 28 root - INFO - Creating data transformation object
[ 2023-04-24 13:14:09,069 ] 68 root - INFO - Initialised numerical pipeline with 'Simpleimputer' and 'Standardscaler'
[ 2023-04-24 13:14:09,069 ] 79 root - INFO - Initialised categorial pipeline with 'Simpleimputer', 'OneHotEncoder' and 'Standardscaler'
[ 2023-04-24 13:14:09,069 ] 83 root - INFO - Categorical columns: ['EventName', 'Team', 'Compound', 'Driver', 'bestLapTimeIsFrom']
[ 2023-04-24 13:14:09,069 ] 84 root - INFO - Numerical columns: ['RoundNumber', 'eventYear', 'Stint', 'bestPreRaceTime', 'meanAirTemp', 'meanTrackTemp', 'meanHumid', 'Rainfall', 'GridPosition', 'Position', 'raceStintsNums', 'TyreAge', 'StintLen', 'CircuitLength', 'designedLaps', 'fuel_slope', 'fuel_bias', 'deg_slope', 'deg_bias', 'lag_slope_mean', 'lag_bias_mean']
[ 2023-04-24 13:14:09,069 ] 93 root - INFO - Initialised ColumnTransformer with 'numerical pipeline' and 'categorial pipeline'
[ 2023-04-24 13:14:09,069 ] 96 root - INFO - Preprocessor object is created!
[ 2023-04-24 13:14:09,071 ] 128 root - INFO - Applying preprocessing object on training dataframe and testing dataframe.
