[ 2023-04-22 17:49:20,109 ] 23 root - INFO - Initialisation of data ingestion started
[ 2023-04-22 17:49:20,160 ] 27 root - INFO - Read the dataset as DataFrame
[ 2023-04-22 17:49:20,260 ] 31 root - INFO - Created 'artifacts' folder and saved the raw data as 'data.csv'
[ 2023-04-22 17:49:20,260 ] 33 root - INFO - Train-Test-Split initiated
[ 2023-04-22 17:49:20,336 ] 37 root - INFO - Train dataset created and saved as 'train.csv' in the 'artifacts' folder
[ 2023-04-22 17:49:20,350 ] 39 root - INFO - Test dataset created and saved as 'test.csv' in the 'artifacts' folder
[ 2023-04-22 17:49:20,351 ] 41 root - INFO - Data Ingestion is Completed
[ 2023-04-22 17:49:20,370 ] 83 root - INFO - Categorical columns: Index(['EventName', 'Team', 'Compound', 'Driver', 'bestLapTimeIsFrom'], dtype='object')
[ 2023-04-22 17:49:20,371 ] 84 root - INFO - Numerical columns: Index(['Unnamed: 0', 'RoundNumber', 'eventYear', 'Stint', 'bestPreRaceTime',
       'meanAirTemp', 'meanTrackTemp', 'meanHumid', 'Rainfall', 'GridPosition',
       'Position', 'raceStintsNums', 'TyreAge', 'lapNumberAtBeginingOfStint',
       'StintLen', 'CircuitLength', 'designedLaps', 'fuel_slope', 'fuel_bias',
       'deg_slope', 'deg_bias', 'lag_slope_mean', 'lag_bias_mean'],
      dtype='object')
[ 2023-04-22 17:51:35,475 ] 23 root - INFO - Initialisation of data ingestion started
[ 2023-04-22 17:51:35,491 ] 27 root - INFO - Read the dataset as DataFrame
[ 2023-04-22 17:51:35,553 ] 31 root - INFO - Created 'artifacts' folder and saved the raw data as 'data.csv'
[ 2023-04-22 17:51:35,553 ] 33 root - INFO - Train-Test-Split initiated
[ 2023-04-22 17:51:35,629 ] 37 root - INFO - Train dataset created and saved as 'train.csv' in the 'artifacts' folder
[ 2023-04-22 17:51:35,643 ] 39 root - INFO - Test dataset created and saved as 'test.csv' in the 'artifacts' folder
[ 2023-04-22 17:51:35,644 ] 41 root - INFO - Data Ingestion is Completed
[ 2023-04-22 17:51:35,664 ] 83 root - INFO - Categorical columns: EventName
[ 2023-04-22 17:51:35,665 ] 84 root - INFO - Numerical columns: Unnamed: 0
[ 2023-04-22 17:53:10,746 ] 23 root - INFO - Initialisation of data ingestion started
[ 2023-04-22 17:53:10,777 ] 27 root - INFO - Read the dataset as DataFrame
[ 2023-04-22 17:53:10,840 ] 31 root - INFO - Created 'artifacts' folder and saved the raw data as 'data.csv'
[ 2023-04-22 17:53:10,840 ] 33 root - INFO - Train-Test-Split initiated
[ 2023-04-22 17:53:10,900 ] 37 root - INFO - Train dataset created and saved as 'train.csv' in the 'artifacts' folder
[ 2023-04-22 17:53:10,916 ] 39 root - INFO - Test dataset created and saved as 'test.csv' in the 'artifacts' folder
[ 2023-04-22 17:53:10,916 ] 41 root - INFO - Data Ingestion is Completed
[ 2023-04-22 17:53:10,947 ] 83 root - INFO - Categorical columns: ['bestLapTimeIsFrom']
[ 2023-04-22 17:53:10,947 ] 84 root - INFO - Numerical columns: ['bestPreRaceTime', 'TyreAge', 'fuel_slope', 'fuel_bias', 'deg_slope', 'deg_bias', 'lag_slope_mean', 'lag_bias_mean']
[ 2023-04-22 17:54:31,521 ] 23 root - INFO - Initialisation of data ingestion started
[ 2023-04-22 17:54:31,536 ] 27 root - INFO - Read the dataset as DataFrame
[ 2023-04-22 17:54:31,599 ] 31 root - INFO - Created 'artifacts' folder and saved the raw data as 'data.csv'
[ 2023-04-22 17:54:31,599 ] 33 root - INFO - Train-Test-Split initiated
[ 2023-04-22 17:54:31,661 ] 37 root - INFO - Train dataset created and saved as 'train.csv' in the 'artifacts' folder
[ 2023-04-22 17:54:31,677 ] 39 root - INFO - Test dataset created and saved as 'test.csv' in the 'artifacts' folder
[ 2023-04-22 17:54:31,677 ] 41 root - INFO - Data Ingestion is Completed
[ 2023-04-22 17:54:31,693 ] 83 root - INFO - Categorical columns: Index(['EventName', 'Team', 'Compound', 'Driver', 'bestLapTimeIsFrom'], dtype='object')
[ 2023-04-22 17:54:31,693 ] 84 root - INFO - Numerical columns: Index(['Unnamed: 0', 'RoundNumber', 'eventYear', 'Stint', 'bestPreRaceTime',
       'meanAirTemp', 'meanTrackTemp', 'meanHumid', 'Rainfall', 'GridPosition',
       'Position', 'raceStintsNums', 'TyreAge', 'lapNumberAtBeginingOfStint',
       'StintLen', 'CircuitLength', 'designedLaps', 'fuel_slope', 'fuel_bias',
       'deg_slope', 'deg_bias', 'lag_slope_mean', 'lag_bias_mean'],
      dtype='object')
[ 2023-04-22 18:04:34,202 ] 23 root - INFO - Initialisation of data ingestion started
[ 2023-04-22 18:04:34,217 ] 27 root - INFO - Read the dataset as DataFrame
[ 2023-04-22 18:04:34,293 ] 31 root - INFO - Created 'artifacts' folder and saved the raw data as 'data.csv'
[ 2023-04-22 18:04:34,293 ] 33 root - INFO - Train-Test-Split initiated
[ 2023-04-22 18:04:34,364 ] 37 root - INFO - Train dataset created and saved as 'train.csv' in the 'artifacts' folder
[ 2023-04-22 18:04:34,376 ] 39 root - INFO - Test dataset created and saved as 'test.csv' in the 'artifacts' folder
[ 2023-04-22 18:04:34,376 ] 41 root - INFO - Data Ingestion is Completed
[ 2023-04-22 18:04:34,392 ] 86 root - INFO - Categorical columns: Index(['EventName', 'Team', 'Compound', 'Driver', 'bestLapTimeIsFrom'], dtype='object')
[ 2023-04-22 18:04:34,392 ] 87 root - INFO - Numerical columns: Index(['Unnamed: 0', 'RoundNumber', 'eventYear', 'Stint', 'bestPreRaceTime',
       'meanAirTemp', 'meanTrackTemp', 'meanHumid', 'Rainfall', 'GridPosition',
       'Position', 'raceStintsNums', 'TyreAge', 'lapNumberAtBeginingOfStint',
       'StintLen', 'CircuitLength', 'designedLaps', 'fuel_slope', 'fuel_bias',
       'deg_slope', 'deg_bias', 'lag_slope_mean', 'lag_bias_mean'],
      dtype='object')
[ 2023-04-22 18:05:13,645 ] 23 root - INFO - Initialisation of data ingestion started
[ 2023-04-22 18:05:13,669 ] 27 root - INFO - Read the dataset as DataFrame
[ 2023-04-22 18:05:13,732 ] 31 root - INFO - Created 'artifacts' folder and saved the raw data as 'data.csv'
[ 2023-04-22 18:05:13,732 ] 33 root - INFO - Train-Test-Split initiated
[ 2023-04-22 18:05:13,801 ] 37 root - INFO - Train dataset created and saved as 'train.csv' in the 'artifacts' folder
[ 2023-04-22 18:05:13,816 ] 39 root - INFO - Test dataset created and saved as 'test.csv' in the 'artifacts' folder
[ 2023-04-22 18:05:13,816 ] 41 root - INFO - Data Ingestion is Completed
[ 2023-04-22 18:05:13,832 ] 86 root - INFO - Categorical columns: Index(['EventName', 'Team', 'Compound', 'Driver', 'bestLapTimeIsFrom'], dtype='object')
[ 2023-04-22 18:05:13,832 ] 87 root - INFO - Numerical columns: ['Unnamed: 0', 'RoundNumber', 'eventYear', 'Stint', 'bestPreRaceTime', 'meanAirTemp', 'meanTrackTemp', 'meanHumid', 'Rainfall', 'GridPosition', 'Position', 'raceStintsNums', 'TyreAge', 'lapNumberAtBeginingOfStint', 'StintLen', 'CircuitLength', 'designedLaps', 'fuel_slope', 'fuel_bias', 'deg_slope', 'deg_bias', 'lag_slope_mean', 'lag_bias_mean']
[ 2023-04-22 18:05:47,045 ] 23 root - INFO - Initialisation of data ingestion started
[ 2023-04-22 18:05:47,061 ] 27 root - INFO - Read the dataset as DataFrame
[ 2023-04-22 18:05:47,139 ] 31 root - INFO - Created 'artifacts' folder and saved the raw data as 'data.csv'
[ 2023-04-22 18:05:47,139 ] 33 root - INFO - Train-Test-Split initiated
[ 2023-04-22 18:05:47,231 ] 37 root - INFO - Train dataset created and saved as 'train.csv' in the 'artifacts' folder
[ 2023-04-22 18:05:47,246 ] 39 root - INFO - Test dataset created and saved as 'test.csv' in the 'artifacts' folder
[ 2023-04-22 18:05:47,246 ] 41 root - INFO - Data Ingestion is Completed
[ 2023-04-22 18:05:47,262 ] 86 root - INFO - Categorical columns: ['EventName', 'Team', 'Compound', 'Driver', 'bestLapTimeIsFrom']
[ 2023-04-22 18:05:47,262 ] 87 root - INFO - Numerical columns: ['Unnamed: 0', 'RoundNumber', 'eventYear', 'Stint', 'bestPreRaceTime', 'meanAirTemp', 'meanTrackTemp', 'meanHumid', 'Rainfall', 'GridPosition', 'Position', 'raceStintsNums', 'TyreAge', 'lapNumberAtBeginingOfStint', 'StintLen', 'CircuitLength', 'designedLaps', 'fuel_slope', 'fuel_bias', 'deg_slope', 'deg_bias', 'lag_slope_mean', 'lag_bias_mean']
[ 2023-04-22 18:13:04,268 ] 23 root - INFO - Initialisation of data ingestion started
[ 2023-04-22 18:13:04,295 ] 27 root - INFO - Read the dataset as DataFrame
[ 2023-04-22 18:13:04,357 ] 31 root - INFO - Created 'artifacts' folder and saved the raw data as 'data.csv'
[ 2023-04-22 18:13:04,357 ] 33 root - INFO - Train-Test-Split initiated
[ 2023-04-22 18:13:04,421 ] 37 root - INFO - Train dataset created and saved as 'train.csv' in the 'artifacts' folder
[ 2023-04-22 18:13:04,437 ] 39 root - INFO - Test dataset created and saved as 'test.csv' in the 'artifacts' folder
[ 2023-04-22 18:13:04,437 ] 41 root - INFO - Data Ingestion is Completed
[ 2023-04-22 18:13:04,452 ] 86 root - INFO - Categorical columns: ['EventName', 'Team', 'Compound', 'Driver', 'bestLapTimeIsFrom']
[ 2023-04-22 18:13:04,452 ] 87 root - INFO - Numerical columns: ['Unnamed: 0', 'RoundNumber', 'eventYear', 'Stint', 'bestPreRaceTime', 'meanAirTemp', 'meanTrackTemp', 'meanHumid', 'Rainfall', 'GridPosition', 'Position', 'raceStintsNums', 'TyreAge', 'lapNumberAtBeginingOfStint', 'StintLen', 'CircuitLength', 'designedLaps', 'fuel_slope', 'fuel_bias', 'deg_slope', 'deg_bias', 'lag_slope_mean', 'lag_bias_mean']
[ 2023-04-22 18:40:15,763 ] 23 root - INFO - Initialisation of data ingestion started
[ 2023-04-22 18:40:15,785 ] 27 root - INFO - Read the dataset as DataFrame
[ 2023-04-22 18:40:15,864 ] 31 root - INFO - Created 'artifacts' folder and saved the raw data as 'data.csv'
[ 2023-04-22 18:40:15,864 ] 33 root - INFO - Train-Test-Split initiated
[ 2023-04-22 18:40:15,936 ] 37 root - INFO - Train dataset created and saved as 'train.csv' in the 'artifacts' folder
[ 2023-04-22 18:40:15,945 ] 39 root - INFO - Test dataset created and saved as 'test.csv' in the 'artifacts' folder
[ 2023-04-22 18:40:15,945 ] 41 root - INFO - Data Ingestion is Completed
[ 2023-04-22 18:40:15,960 ] 46 root - INFO - Initialised numerical pipeline with 'Simpleimputer' and 'Standardscaler'
[ 2023-04-22 18:40:15,960 ] 57 root - INFO - Initialised categorial pipeline with 'Simpleimputer', 'OneHotEncoder and 'Standardscaler'
[ 2023-04-22 18:40:15,960 ] 59 root - INFO - Categorical columns: ['EventName', 'Team', 'Compound', 'Driver', 'bestLapTimeIsFrom']
[ 2023-04-22 18:40:15,960 ] 60 root - INFO - Numerical columns: ['RoundNumber', 'eventYear', 'Stint', 'bestPreRaceTime', 'meanAirTemp', 'meanTrackTemp', 'meanHumid', 'Rainfall', 'GridPosition', 'Position', 'raceStintsNums', 'TyreAge', 'lapNumberAtBeginingOfStint', 'StintLen', 'CircuitLength', 'designedLaps', 'fuel_slope', 'fuel_bias', 'deg_slope', 'deg_bias', 'lag_slope_mean', 'lag_bias_mean']
[ 2023-04-22 18:40:15,960 ] 70 root - INFO - Initialised ColumnTransformer with 'numerical pipeline' and 'categorial pipeline'
[ 2023-04-22 18:41:11,265 ] 23 root - INFO - Initialisation of data ingestion started
[ 2023-04-22 18:41:11,290 ] 27 root - INFO - Read the dataset as DataFrame
[ 2023-04-22 18:41:11,378 ] 31 root - INFO - Created 'artifacts' folder and saved the raw data as 'data.csv'
[ 2023-04-22 18:41:11,378 ] 33 root - INFO - Train-Test-Split initiated
[ 2023-04-22 18:41:11,446 ] 37 root - INFO - Train dataset created and saved as 'train.csv' in the 'artifacts' folder
[ 2023-04-22 18:41:11,462 ] 39 root - INFO - Test dataset created and saved as 'test.csv' in the 'artifacts' folder
[ 2023-04-22 18:41:11,463 ] 41 root - INFO - Data Ingestion is Completed
[ 2023-04-22 18:41:11,487 ] 46 root - INFO - Initialised numerical pipeline with 'Simpleimputer' and 'Standardscaler'
[ 2023-04-22 18:41:11,488 ] 57 root - INFO - Initialised categorial pipeline with 'Simpleimputer', 'OneHotEncoder' and 'Standardscaler'
[ 2023-04-22 18:41:11,488 ] 59 root - INFO - Categorical columns: ['EventName', 'Team', 'Compound', 'Driver', 'bestLapTimeIsFrom']
[ 2023-04-22 18:41:11,488 ] 60 root - INFO - Numerical columns: ['RoundNumber', 'eventYear', 'Stint', 'bestPreRaceTime', 'meanAirTemp', 'meanTrackTemp', 'meanHumid', 'Rainfall', 'GridPosition', 'Position', 'raceStintsNums', 'TyreAge', 'lapNumberAtBeginingOfStint', 'StintLen', 'CircuitLength', 'designedLaps', 'fuel_slope', 'fuel_bias', 'deg_slope', 'deg_bias', 'lag_slope_mean', 'lag_bias_mean']
[ 2023-04-22 18:41:11,488 ] 70 root - INFO - Initialised ColumnTransformer with 'numerical pipeline' and 'categorial pipeline'
[ 2023-04-22 19:29:31,740 ] 25 root - INFO - Initialisation of data ingestion started
[ 2023-04-22 19:29:31,740 ] 28 root - INFO - Reading the dataset as DataFrame
[ 2023-04-22 19:29:31,763 ] 30 root - INFO - Reading the dataset completed
[ 2023-04-22 19:29:31,840 ] 34 root - INFO - Created 'artifacts' folder and saved the raw data as 'data.csv'
[ 2023-04-22 19:29:31,840 ] 36 root - INFO - Train-Test-Split initiated
[ 2023-04-22 19:29:31,904 ] 40 root - INFO - Train dataset created and saved as 'train.csv' in the 'artifacts' folder
[ 2023-04-22 19:29:31,919 ] 42 root - INFO - Test dataset created and saved as 'test.csv' in the 'artifacts' folder
[ 2023-04-22 19:29:31,919 ] 44 root - INFO - Data Ingestion is Completed
[ 2023-04-22 19:31:02,382 ] 25 root - INFO - Initialisation of data ingestion started
[ 2023-04-22 19:31:02,382 ] 28 root - INFO - Reading the dataset as DataFrame
[ 2023-04-22 19:31:02,414 ] 30 root - INFO - Reading the dataset completed
[ 2023-04-22 19:31:02,483 ] 34 root - INFO - Created 'artifacts' folder and saved the raw data as 'data.csv'
[ 2023-04-22 19:31:02,483 ] 36 root - INFO - Train-Test-Split initiated
[ 2023-04-22 19:31:02,530 ] 40 root - INFO - Train dataset created and saved as 'train.csv' in the 'artifacts' folder
[ 2023-04-22 19:31:02,545 ] 42 root - INFO - Test dataset created and saved as 'test.csv' in the 'artifacts' folder
[ 2023-04-22 19:31:02,545 ] 44 root - INFO - Data Ingestion is Completed
[ 2023-04-22 19:31:02,577 ] 40 root - INFO - Initialised numerical pipeline with 'Simpleimputer' and 'Standardscaler'
[ 2023-04-22 19:31:02,577 ] 51 root - INFO - Initialised categorial pipeline with 'Simpleimputer', 'OneHotEncoder' and 'Standardscaler'
[ 2023-04-22 19:31:02,577 ] 53 root - INFO - Categorical columns: ['EventName', 'Team', 'Compound', 'Driver', 'bestLapTimeIsFrom']
[ 2023-04-22 19:31:02,577 ] 54 root - INFO - Numerical columns: ['Unnamed: 0', 'RoundNumber', 'eventYear', 'Stint', 'bestPreRaceTime', 'meanAirTemp', 'meanTrackTemp', 'meanHumid', 'Rainfall', 'GridPosition', 'Position', 'raceStintsNums', 'TyreAge', 'lapNumberAtBeginingOfStint', 'StintLen', 'CircuitLength', 'designedLaps', 'fuel_slope', 'fuel_bias', 'deg_slope', 'deg_bias', 'lag_slope_mean', 'lag_bias_mean']
[ 2023-04-22 19:31:02,578 ] 64 root - INFO - Initialised ColumnTransformer with 'numerical pipeline' and 'categorial pipeline'
[ 2023-04-22 19:31:02,578 ] 74 root - INFO - Reading the dataset as DataFrame
[ 2023-04-22 19:31:02,603 ] 78 root - INFO - Read in train and test data
[ 2023-04-22 19:31:02,603 ] 80 root - INFO - Obtaining preprocessing object
[ 2023-04-22 19:32:10,599 ] 25 root - INFO - Initialisation of data ingestion started
[ 2023-04-22 19:32:10,599 ] 28 root - INFO - Reading the dataset as DataFrame
[ 2023-04-22 19:32:10,621 ] 30 root - INFO - Reading the dataset completed
[ 2023-04-22 19:32:10,690 ] 34 root - INFO - Created 'artifacts' folder and saved the raw data as 'data.csv'
[ 2023-04-22 19:32:10,690 ] 36 root - INFO - Train-Test-Split initiated
[ 2023-04-22 19:32:10,755 ] 40 root - INFO - Train dataset created and saved as 'train.csv' in the 'artifacts' folder
[ 2023-04-22 19:32:10,770 ] 42 root - INFO - Test dataset created and saved as 'test.csv' in the 'artifacts' folder
[ 2023-04-22 19:32:10,770 ] 44 root - INFO - Data Ingestion is Completed
[ 2023-04-22 19:32:10,792 ] 41 root - INFO - Initialised numerical pipeline with 'Simpleimputer' and 'Standardscaler'
[ 2023-04-22 19:32:10,792 ] 52 root - INFO - Initialised categorial pipeline with 'Simpleimputer', 'OneHotEncoder' and 'Standardscaler'
[ 2023-04-22 19:32:10,792 ] 54 root - INFO - Categorical columns: ['EventName', 'Team', 'Compound', 'Driver', 'bestLapTimeIsFrom']
[ 2023-04-22 19:32:10,794 ] 55 root - INFO - Numerical columns: ['Unnamed: 0', 'RoundNumber', 'eventYear', 'Stint', 'bestPreRaceTime', 'meanAirTemp', 'meanTrackTemp', 'meanHumid', 'Rainfall', 'GridPosition', 'Position', 'raceStintsNums', 'TyreAge', 'lapNumberAtBeginingOfStint', 'StintLen', 'CircuitLength', 'designedLaps', 'fuel_slope', 'fuel_bias', 'deg_slope', 'deg_bias', 'lag_slope_mean', 'lag_bias_mean']
[ 2023-04-22 19:32:10,794 ] 65 root - INFO - Initialised ColumnTransformer with 'numerical pipeline' and 'categorial pipeline'
[ 2023-04-22 19:32:10,794 ] 75 root - INFO - Reading the dataset as DataFrame
[ 2023-04-22 19:32:10,819 ] 79 root - INFO - Read in train and test data
[ 2023-04-22 19:32:10,819 ] 81 root - INFO - Obtaining preprocessing object
[ 2023-04-22 19:32:34,653 ] 25 root - INFO - Initialisation of data ingestion started
[ 2023-04-22 19:32:34,654 ] 28 root - INFO - Reading the dataset as DataFrame
[ 2023-04-22 19:32:34,677 ] 30 root - INFO - Reading the dataset completed
[ 2023-04-22 19:32:34,746 ] 34 root - INFO - Created 'artifacts' folder and saved the raw data as 'data.csv'
[ 2023-04-22 19:32:34,746 ] 36 root - INFO - Train-Test-Split initiated
[ 2023-04-22 19:32:34,817 ] 40 root - INFO - Train dataset created and saved as 'train.csv' in the 'artifacts' folder
[ 2023-04-22 19:32:34,832 ] 42 root - INFO - Test dataset created and saved as 'test.csv' in the 'artifacts' folder
[ 2023-04-22 19:32:34,832 ] 44 root - INFO - Data Ingestion is Completed
[ 2023-04-22 19:32:34,843 ] 41 root - INFO - Initialised numerical pipeline with 'Simpleimputer' and 'Standardscaler'
[ 2023-04-22 19:32:34,843 ] 52 root - INFO - Initialised categorial pipeline with 'Simpleimputer', 'OneHotEncoder' and 'Standardscaler'
[ 2023-04-22 19:32:34,843 ] 54 root - INFO - Categorical columns: ['EventName', 'Team', 'Compound', 'Driver', 'bestLapTimeIsFrom']
[ 2023-04-22 19:32:34,843 ] 55 root - INFO - Numerical columns: ['Unnamed: 0', 'RoundNumber', 'eventYear', 'Stint', 'bestPreRaceTime', 'meanAirTemp', 'meanTrackTemp', 'meanHumid', 'Rainfall', 'GridPosition', 'Position', 'raceStintsNums', 'TyreAge', 'lapNumberAtBeginingOfStint', 'StintLen', 'CircuitLength', 'designedLaps', 'fuel_slope', 'fuel_bias', 'deg_slope', 'deg_bias', 'lag_slope_mean', 'lag_bias_mean']
[ 2023-04-22 19:32:34,843 ] 65 root - INFO - Initialised ColumnTransformer with 'numerical pipeline' and 'categorial pipeline'
[ 2023-04-22 19:32:34,843 ] 75 root - INFO - Reading the dataset as DataFrame
[ 2023-04-22 19:32:34,875 ] 79 root - INFO - Read in train and test data
[ 2023-04-22 19:32:34,875 ] 81 root - INFO - Obtaining preprocessing object
