[ 2023-04-27 13:52:57,342 ] 27 root - INFO - Initialisation of data ingestion started
[ 2023-04-27 13:52:57,342 ] 30 root - INFO - Reading the dataset as DataFrame
[ 2023-04-27 13:52:57,369 ] 34 root - INFO - Reading the dataset completed
[ 2023-04-27 13:52:57,435 ] 40 root - INFO - Created 'artifacts' folder and saved the raw data as 'data.csv'
[ 2023-04-27 13:52:57,435 ] 44 root - INFO - Train-Test-Split initiated
[ 2023-04-27 13:52:57,499 ] 50 root - INFO - Train dataset created and saved as 'train.csv' in the 'artifacts' folder
[ 2023-04-27 13:52:57,513 ] 56 root - INFO - Test dataset created and saved as 'test.csv' in the 'artifacts' folder
[ 2023-04-27 13:52:57,513 ] 60 root - INFO - Data Ingestion is Completed
[ 2023-04-27 13:57:27,418 ] 27 root - INFO - Initialisation of data ingestion started
[ 2023-04-27 13:57:27,418 ] 30 root - INFO - Reading the dataset as DataFrame
[ 2023-04-27 13:57:50,982 ] 27 root - INFO - Initialisation of data ingestion started
[ 2023-04-27 13:57:50,982 ] 30 root - INFO - Reading the dataset as DataFrame
[ 2023-04-27 13:58:00,762 ] 27 root - INFO - Initialisation of data ingestion started
[ 2023-04-27 13:58:00,762 ] 30 root - INFO - Reading the dataset as DataFrame
[ 2023-04-27 13:58:00,786 ] 34 root - INFO - Reading the dataset completed
[ 2023-04-27 13:58:00,871 ] 40 root - INFO - Created 'artifacts' folder and saved the raw data as 'data.csv'
[ 2023-04-27 13:58:00,871 ] 44 root - INFO - Train-Test-Split initiated
[ 2023-04-27 13:58:00,926 ] 50 root - INFO - Train dataset created and saved as 'train.csv' in the 'artifacts' folder
[ 2023-04-27 13:58:00,952 ] 56 root - INFO - Test dataset created and saved as 'test.csv' in the 'artifacts' folder
[ 2023-04-27 13:58:00,952 ] 60 root - INFO - Data Ingestion is Completed
