[ 2023-04-25 16:27:47,090 ] 26 root - INFO - Initialisation of data ingestion started
[ 2023-04-25 16:27:47,090 ] 29 root - INFO - Reading the dataset as DataFrame
[ 2023-04-25 16:27:47,121 ] 33 root - INFO - Reading the dataset completed
[ 2023-04-25 16:27:47,190 ] 39 root - INFO - Created 'artifacts' folder and saved the raw data as 'data.csv'
[ 2023-04-25 16:27:47,190 ] 43 root - INFO - Train-Test-Split initiated
[ 2023-04-25 16:27:47,264 ] 49 root - INFO - Train dataset created and saved as 'train.csv' in the 'artifacts' folder
[ 2023-04-25 16:27:47,279 ] 55 root - INFO - Test dataset created and saved as 'test.csv' in the 'artifacts' folder
[ 2023-04-25 16:27:47,280 ] 59 root - INFO - Data Ingestion is Completed
[ 2023-04-25 17:14:00,409 ] 26 root - INFO - Initialisation of data ingestion started
[ 2023-04-25 17:14:00,409 ] 29 root - INFO - Reading the dataset as DataFrame
[ 2023-04-25 17:14:11,876 ] 26 root - INFO - Initialisation of data ingestion started
[ 2023-04-25 17:14:11,876 ] 29 root - INFO - Reading the dataset as DataFrame
[ 2023-04-25 17:20:05,542 ] 27 root - INFO - Initialisation of data ingestion started
[ 2023-04-25 17:20:05,542 ] 30 root - INFO - Reading the dataset as DataFrame
[ 2023-04-25 17:20:05,557 ] 34 root - INFO - Reading the dataset completed
[ 2023-04-25 17:20:05,628 ] 40 root - INFO - Created 'artifacts' folder and saved the raw data as 'data.csv'
[ 2023-04-25 17:20:05,628 ] 44 root - INFO - Train-Test-Split initiated
[ 2023-04-25 17:20:05,690 ] 50 root - INFO - Train dataset created and saved as 'train.csv' in the 'artifacts' folder
[ 2023-04-25 17:20:05,711 ] 56 root - INFO - Test dataset created and saved as 'test.csv' in the 'artifacts' folder
[ 2023-04-25 17:20:05,711 ] 60 root - INFO - Data Ingestion is Completed
[ 2023-04-25 17:30:43,734 ] 27 root - INFO - Initialisation of data ingestion started
[ 2023-04-25 17:30:43,734 ] 30 root - INFO - Reading the dataset as DataFrame
[ 2023-04-25 17:32:00,856 ] 27 root - INFO - Initialisation of data ingestion started
[ 2023-04-25 17:32:00,856 ] 30 root - INFO - Reading the dataset as DataFrame
[ 2023-04-25 17:35:51,138 ] 27 root - INFO - Initialisation of data ingestion started
[ 2023-04-25 17:35:51,138 ] 30 root - INFO - Reading the dataset as DataFrame
[ 2023-04-25 17:35:51,154 ] 34 root - INFO - Reading the dataset completed
[ 2023-04-25 17:35:51,232 ] 40 root - INFO - Created 'artifacts' folder and saved the raw data as 'data.csv'
[ 2023-04-25 17:35:51,232 ] 44 root - INFO - Train-Test-Split initiated
[ 2023-04-25 17:35:51,285 ] 50 root - INFO - Train dataset created and saved as 'train.csv' in the 'artifacts' folder
[ 2023-04-25 17:35:51,301 ] 56 root - INFO - Test dataset created and saved as 'test.csv' in the 'artifacts' folder
[ 2023-04-25 17:35:51,301 ] 60 root - INFO - Data Ingestion is Completed
[ 2023-04-25 17:36:08,519 ] 27 root - INFO - Initialisation of data ingestion started
[ 2023-04-25 17:36:08,520 ] 30 root - INFO - Reading the dataset as DataFrame
[ 2023-04-25 17:36:08,541 ] 34 root - INFO - Reading the dataset completed
[ 2023-04-25 17:36:08,603 ] 40 root - INFO - Created 'artifacts' folder and saved the raw data as 'data.csv'
[ 2023-04-25 17:36:08,603 ] 44 root - INFO - Train-Test-Split initiated
[ 2023-04-25 17:36:08,666 ] 50 root - INFO - Train dataset created and saved as 'train.csv' in the 'artifacts' folder
[ 2023-04-25 17:36:08,681 ] 56 root - INFO - Test dataset created and saved as 'test.csv' in the 'artifacts' folder
[ 2023-04-25 17:36:08,681 ] 60 root - INFO - Data Ingestion is Completed
[ 2023-04-25 17:36:37,215 ] 27 root - INFO - Initialisation of data ingestion started
[ 2023-04-25 17:36:37,215 ] 30 root - INFO - Reading the dataset as DataFrame
[ 2023-04-25 17:36:37,235 ] 34 root - INFO - Reading the dataset completed
[ 2023-04-25 17:36:37,309 ] 40 root - INFO - Created 'artifacts' folder and saved the raw data as 'data.csv'
[ 2023-04-25 17:36:37,310 ] 44 root - INFO - Train-Test-Split initiated
[ 2023-04-25 17:36:37,369 ] 50 root - INFO - Train dataset created and saved as 'train.csv' in the 'artifacts' folder
[ 2023-04-25 17:36:37,384 ] 56 root - INFO - Test dataset created and saved as 'test.csv' in the 'artifacts' folder
[ 2023-04-25 17:36:37,385 ] 60 root - INFO - Data Ingestion is Completed
[ 2023-04-25 17:41:28,839 ] 27 root - INFO - Initialisation of data ingestion started
[ 2023-04-25 17:41:28,839 ] 30 root - INFO - Reading the dataset as DataFrame
[ 2023-04-25 17:41:28,864 ] 35 root - INFO - Reading the dataset completed
[ 2023-04-25 17:41:28,945 ] 41 root - INFO - Created 'artifacts' folder and saved the raw data as 'data.csv'
[ 2023-04-25 17:41:28,945 ] 45 root - INFO - Train-Test-Split initiated
[ 2023-04-25 17:41:29,015 ] 51 root - INFO - Train dataset created and saved as 'train.csv' in the 'artifacts' folder
[ 2023-04-25 17:41:29,033 ] 57 root - INFO - Test dataset created and saved as 'test.csv' in the 'artifacts' folder
[ 2023-04-25 17:41:29,033 ] 61 root - INFO - Data Ingestion is Completed
[ 2023-04-25 17:46:08,341 ] 27 root - INFO - Initialisation of data ingestion started
[ 2023-04-25 17:46:08,341 ] 30 root - INFO - Reading the dataset as DataFrame
[ 2023-04-25 17:46:08,378 ] 35 root - INFO - Reading the dataset completed
[ 2023-04-25 17:46:08,444 ] 41 root - INFO - Created 'artifacts' folder and saved the raw data as 'data.csv'
[ 2023-04-25 17:46:08,444 ] 45 root - INFO - Train-Test-Split initiated
[ 2023-04-25 17:46:08,510 ] 51 root - INFO - Train dataset created and saved as 'train.csv' in the 'artifacts' folder
[ 2023-04-25 17:46:08,526 ] 57 root - INFO - Test dataset created and saved as 'test.csv' in the 'artifacts' folder
[ 2023-04-25 17:46:08,526 ] 61 root - INFO - Data Ingestion is Completed
[ 2023-04-25 17:51:24,963 ] 27 root - INFO - Initialisation of data ingestion started
[ 2023-04-25 17:51:24,963 ] 30 root - INFO - Reading the dataset as DataFrame
[ 2023-04-25 17:51:54,498 ] 27 root - INFO - Initialisation of data ingestion started
[ 2023-04-25 17:51:54,498 ] 30 root - INFO - Reading the dataset as DataFrame
[ 2023-04-25 17:59:34,155 ] 27 root - INFO - Initialisation of data ingestion started
[ 2023-04-25 17:59:34,155 ] 30 root - INFO - Reading the dataset as DataFrame
[ 2023-04-25 17:59:51,200 ] 27 root - INFO - Initialisation of data ingestion started
[ 2023-04-25 17:59:51,200 ] 30 root - INFO - Reading the dataset as DataFrame
[ 2023-04-25 17:59:51,215 ] 34 root - INFO - Reading the dataset completed
[ 2023-04-25 17:59:51,300 ] 40 root - INFO - Created 'artifacts' folder and saved the raw data as 'data.csv'
[ 2023-04-25 17:59:51,300 ] 44 root - INFO - Train-Test-Split initiated
[ 2023-04-25 17:59:51,362 ] 50 root - INFO - Train dataset created and saved as 'train.csv' in the 'artifacts' folder
[ 2023-04-25 17:59:51,378 ] 56 root - INFO - Test dataset created and saved as 'test.csv' in the 'artifacts' folder
[ 2023-04-25 17:59:51,378 ] 60 root - INFO - Data Ingestion is Completed
